<?xml version="1.0" encoding="UTF-8"?>
<testng-results ignored="0" total="3" passed="3" failed="0" skipped="0">
  <reporter-output>
  </reporter-output>
  <suite started-at="2024-02-29T17:11:19 IST" name="Suite" finished-at="2024-02-29T17:11:53 IST" duration-ms="34089">
    <groups>
    </groups>
    <test started-at="2024-02-29T17:11:19 IST" name="Test" finished-at="2024-02-29T17:11:53 IST" duration-ms="34089">
      <class name="Axis1.OrangeHRM.AddAttachments">
        <test-method signature="logintest()[pri:0, instance:Axis1.OrangeHRM.AddAttachments@149e0f5d]" started-at="2024-02-29T17:11:31 IST" name="logintest" finished-at="2024-02-29T17:11:40 IST" duration-ms="8572" status="PASS">
          <reporter-output>
          </reporter-output>
        </test-method> <!-- logintest -->
        <test-method is-config="true" signature="AddAttach()[pri:0, instance:Axis1.OrangeHRM.AddAttachments@149e0f5d]" started-at="2024-02-29T17:11:40 IST" name="AddAttach" finished-at="2024-02-29T17:11:42 IST" duration-ms="2307" status="PASS">
          <reporter-output>
          </reporter-output>
        </test-method> <!-- AddAttach -->
      </class> <!-- Axis1.OrangeHRM.AddAttachments -->
      <class name="Axis1.OrangeHRM.ImmigrationFN">
        <test-method signature="logintest()[pri:0, instance:Axis1.OrangeHRM.ImmigrationFN@7c469c48]" started-at="2024-02-29T17:11:19 IST" name="logintest" finished-at="2024-02-29T17:11:28 IST" duration-ms="8850" status="PASS">
          <reporter-output>
          </reporter-output>
        </test-method> <!-- logintest -->
        <test-method is-config="true" signature="immi()[pri:0, instance:Axis1.OrangeHRM.ImmigrationFN@7c469c48]" started-at="2024-02-29T17:11:28 IST" name="immi" finished-at="2024-02-29T17:11:31 IST" duration-ms="3254" status="PASS">
          <reporter-output>
          </reporter-output>
        </test-method> <!-- immi -->
      </class> <!-- Axis1.OrangeHRM.ImmigrationFN -->
      <class name="Axis1.OrangeHRM.JobDetails">
        <test-method signature="logintest()[pri:0, instance:Axis1.OrangeHRM.JobDetails@1b1473ab]" started-at="2024-02-29T17:11:42 IST" name="logintest" finished-at="2024-02-29T17:11:50 IST" duration-ms="8180" status="PASS">
          <reporter-output>
          </reporter-output>
        </test-method> <!-- logintest -->
        <test-method is-config="true" signature="jobs()[pri:0, instance:Axis1.OrangeHRM.JobDetails@1b1473ab]" started-at="2024-02-29T17:11:50 IST" name="jobs" finished-at="2024-02-29T17:11:53 IST" duration-ms="2876" status="PASS">
          <reporter-output>
          </reporter-output>
        </test-method> <!-- jobs -->
      </class> <!-- Axis1.OrangeHRM.JobDetails -->
    </test> <!-- Test -->
  </suite> <!-- Suite -->
</testng-results>
