<?xml version="1.0" encoding="UTF-8"?>
<testng-results ignored="0" total="1" passed="1" failed="0" skipped="0">
  <reporter-output>
  </reporter-output>
  <suite started-at="2024-02-29T17:10:36 IST" name="Default suite" finished-at="2024-02-29T17:10:47 IST" duration-ms="10992">
    <groups>
    </groups>
    <test started-at="2024-02-29T17:10:36 IST" name="Default test" finished-at="2024-02-29T17:10:47 IST" duration-ms="10992">
      <class name="Axis1.OrangeHRM.JobDetails">
        <test-method signature="logintest()[pri:0, instance:Axis1.OrangeHRM.JobDetails@49ec71f8]" started-at="2024-02-29T17:10:36 IST" name="logintest" finished-at="2024-02-29T17:10:45 IST" duration-ms="8373" status="PASS">
          <reporter-output>
          </reporter-output>
        </test-method> <!-- logintest -->
        <test-method is-config="true" signature="jobs()[pri:0, instance:Axis1.OrangeHRM.JobDetails@49ec71f8]" started-at="2024-02-29T17:10:45 IST" name="jobs" finished-at="2024-02-29T17:10:47 IST" duration-ms="2567" status="PASS">
          <reporter-output>
          </reporter-output>
        </test-method> <!-- jobs -->
      </class> <!-- Axis1.OrangeHRM.JobDetails -->
    </test> <!-- Default test -->
  </suite> <!-- Default suite -->
</testng-results>
